{"/home/janenrajasingh/Janen/Demo Projects/JS Coding Challenge/permutations.js": {"path":"/home/janenrajasingh/Janen/Demo Projects/JS Coding Challenge/permutations.js","statementMap":{"0":{"start":{"line":6,"column":0},"end":{"line":36,"column":2}},"1":{"start":{"line":7,"column":20},"end":{"line":7,"column":22}},"2":{"start":{"line":10,"column":4},"end":{"line":14,"column":5}},"3":{"start":{"line":11,"column":21},"end":{"line":11,"column":29}},"4":{"start":{"line":12,"column":6},"end":{"line":12,"column":29}},"5":{"start":{"line":13,"column":6},"end":{"line":13,"column":13}},"6":{"start":{"line":16,"column":4},"end":{"line":16,"column":41}},"7":{"start":{"line":19,"column":4},"end":{"line":30,"column":5}},"8":{"start":{"line":19,"column":17},"end":{"line":19,"column":26}},"9":{"start":{"line":20,"column":17},"end":{"line":20,"column":32}},"10":{"start":{"line":21,"column":6},"end":{"line":21,"column":36}},"11":{"start":{"line":22,"column":6},"end":{"line":22,"column":25}},"12":{"start":{"line":25,"column":6},"end":{"line":25,"column":43}},"13":{"start":{"line":27,"column":6},"end":{"line":27,"column":29}},"14":{"start":{"line":28,"column":6},"end":{"line":28,"column":36}},"15":{"start":{"line":29,"column":6},"end":{"line":29,"column":25}},"16":{"start":{"line":34,"column":2},"end":{"line":34,"column":28}},"17":{"start":{"line":35,"column":2},"end":{"line":35,"column":19}}},"fnMap":{"0":{"name":"(anonymous_0)","decl":{"start":{"line":6,"column":33},"end":{"line":6,"column":34}},"loc":{"start":{"line":6,"column":47},"end":{"line":36,"column":1}},"line":6},"1":{"name":"permuteFunction","decl":{"start":{"line":9,"column":11},"end":{"line":9,"column":26}},"loc":{"start":{"line":9,"column":48},"end":{"line":31,"column":3}},"line":9}},"branchMap":{"0":{"loc":{"start":{"line":9,"column":37},"end":{"line":9,"column":46}},"type":"default-arg","locations":[{"start":{"line":9,"column":45},"end":{"line":9,"column":46}}],"line":9},"1":{"loc":{"start":{"line":10,"column":4},"end":{"line":14,"column":5}},"type":"if","locations":[{"start":{"line":10,"column":4},"end":{"line":14,"column":5}},{"start":{"line":10,"column":4},"end":{"line":14,"column":5}}],"line":10}},"s":{"0":1,"1":2,"2":21,"3":8,"4":8,"5":8,"6":13,"7":13,"8":13,"9":6,"10":6,"11":6,"12":6,"13":6,"14":6,"15":6,"16":2,"17":2},"f":{"0":2,"1":21},"b":{"0":[2],"1":[8,13]},"_coverageSchema":"1a1c01bbd47fc00a2c39e90264f33305004495a9","hash":"6464746031daeb45b3c65489522df5a87f2fffb4"}
,"/home/janenrajasingh/Janen/Demo Projects/JS Coding Challenge/sorting.js": {"path":"/home/janenrajasingh/Janen/Demo Projects/JS Coding Challenge/sorting.js","statementMap":{"0":{"start":{"line":6,"column":0},"end":{"line":38,"column":2}},"1":{"start":{"line":8,"column":18},"end":{"line":20,"column":3}},"2":{"start":{"line":9,"column":17},"end":{"line":9,"column":32}},"3":{"start":{"line":10,"column":4},"end":{"line":18,"column":5}},"4":{"start":{"line":10,"column":17},"end":{"line":10,"column":18}},"5":{"start":{"line":11,"column":16},"end":{"line":11,"column":27}},"6":{"start":{"line":12,"column":14},"end":{"line":12,"column":19}},"7":{"start":{"line":13,"column":6},"end":{"line":16,"column":7}},"8":{"start":{"line":14,"column":8},"end":{"line":14,"column":38}},"9":{"start":{"line":15,"column":8},"end":{"line":15,"column":18}},"10":{"start":{"line":17,"column":6},"end":{"line":17,"column":28}},"11":{"start":{"line":19,"column":4},"end":{"line":19,"column":20}},"12":{"start":{"line":22,"column":2},"end":{"line":22,"column":29}},"13":{"start":{"line":23,"column":16},"end":{"line":23,"column":18}},"14":{"start":{"line":26,"column":2},"end":{"line":32,"column":5}},"15":{"start":{"line":27,"column":4},"end":{"line":31,"column":5}},"16":{"start":{"line":27,"column":20},"end":{"line":27,"column":32}},"17":{"start":{"line":29,"column":6},"end":{"line":29,"column":22}},"18":{"start":{"line":30,"column":6},"end":{"line":30,"column":19}},"19":{"start":{"line":34,"column":2},"end":{"line":36,"column":3}},"20":{"start":{"line":35,"column":4},"end":{"line":35,"column":21}},"21":{"start":{"line":37,"column":2},"end":{"line":37,"column":17}}},"fnMap":{"0":{"name":"(anonymous_0)","decl":{"start":{"line":6,"column":31},"end":{"line":6,"column":32}},"loc":{"start":{"line":6,"column":44},"end":{"line":38,"column":1}},"line":6},"1":{"name":"(anonymous_1)","decl":{"start":{"line":8,"column":18},"end":{"line":8,"column":19}},"loc":{"start":{"line":8,"column":32},"end":{"line":20,"column":3}},"line":8},"2":{"name":"(anonymous_2)","decl":{"start":{"line":26,"column":27},"end":{"line":26,"column":28}},"loc":{"start":{"line":26,"column":34},"end":{"line":32,"column":3}},"line":26}},"branchMap":{"0":{"loc":{"start":{"line":13,"column":13},"end":{"line":13,"column":40}},"type":"binary-expr","locations":[{"start":{"line":13,"column":13},"end":{"line":13,"column":19}},{"start":{"line":13,"column":23},"end":{"line":13,"column":40}}],"line":13},"1":{"loc":{"start":{"line":27,"column":4},"end":{"line":31,"column":5}},"type":"if","locations":[{"start":{"line":27,"column":4},"end":{"line":31,"column":5}},{"start":{"line":27,"column":4},"end":{"line":31,"column":5}}],"line":27}},"s":{"0":1,"1":2,"2":2,"3":2,"4":2,"5":9,"6":9,"7":9,"8":3,"9":3,"10":9,"11":2,"12":2,"13":2,"14":2,"15":11,"16":6,"17":5,"18":5,"19":2,"20":5,"21":2},"f":{"0":2,"1":2,"2":11},"b":{"0":[12,10],"1":[6,5]},"_coverageSchema":"1a1c01bbd47fc00a2c39e90264f33305004495a9","hash":"e9485ccdd4b89eecfb2e6e8934510db3c9e5627a"}
}
