TN:
SF:permutations.js
FN:6,(anonymous_0)
FN:9,permuteFunction
FNF:2
FNH:2
FNDA:2,(anonymous_0)
FNDA:21,permuteFunction
DA:6,1
DA:7,2
DA:10,21
DA:11,8
DA:12,8
DA:13,8
DA:16,13
DA:19,13
DA:20,6
DA:21,6
DA:22,6
DA:25,6
DA:27,6
DA:28,6
DA:29,6
DA:34,2
DA:35,2
LF:17
LH:17
BRDA:9,0,0,2
BRDA:10,1,0,8
BRDA:10,1,1,13
BRF:3
BRH:3
end_of_record
TN:
SF:sorting.js
FN:6,(anonymous_0)
FN:8,(anonymous_1)
FN:26,(anonymous_2)
FNF:3
FNH:3
FNDA:2,(anonymous_0)
FNDA:2,(anonymous_1)
FNDA:11,(anonymous_2)
DA:6,1
DA:8,2
DA:9,2
DA:10,2
DA:11,9
DA:12,9
DA:13,9
DA:14,3
DA:15,3
DA:17,9
DA:19,2
DA:22,2
DA:23,2
DA:26,2
DA:27,11
DA:29,5
DA:30,5
DA:34,2
DA:35,5
DA:37,2
LF:20
LH:20
BRDA:13,0,0,12
BRDA:13,0,1,10
BRDA:27,1,0,6
BRDA:27,1,1,5
BRF:4
BRH:4
end_of_record
